<?xml version="1.0" encoding="UTF-8"?>
<!-- Generated by org.testng.reporters.JUnitReportReporter -->
<testsuite hostname="DESKTOP-PL6KDKL" failures="0" tests="2" name="Freelance.HomePageTest" time="10.767" errors="0" timestamp="2022-02-03T18:37:56 IST" skipped="0">
  <testcase classname="Freelance.HomePageTest" name="basePageNavigate" time="3.103"/>
  <system-out/>
  <testcase classname="Freelance.HomePageTest" name="basePageNavigate" time="7.664"/>
  <system-out/>
</testsuite> <!-- Freelance.HomePageTest -->
