<?xml version="1.0" encoding="UTF-8"?>
<!-- Generated by org.testng.reporters.JUnitReportReporter -->
<testsuite hostname="DESKTOP-PL6KDKL" failures="0" tests="1" name="Freelance.HomePage" time="8.607" errors="0" timestamp="2021-11-24T15:21:50 IST" skipped="0">
  <testcase classname="Freelance.HomePage" name="basePageNavigate" time="8.607"/>
  <system-out/>
</testsuite> <!-- Freelance.HomePage -->
