<?xml version="1.0" encoding="UTF-8"?>
<!-- Generated by org.testng.reporters.JUnitReportReporter -->
<testsuite hostname="DESKTOP-PL6KDKL" failures="0" tests="2" name="cucumberOptions.TestRunner" time="34.372" errors="0" timestamp="2022-02-03T18:37:56 IST" skipped="0">
  <testcase classname="cucumberOptions.TestRunner" name="runScenario" time="16.978"/>
  <system-out/>
  <testcase classname="cucumberOptions.TestRunner" name="runScenario" time="17.394"/>
  <system-out/>
</testsuite> <!-- cucumberOptions.TestRunner -->
