<?xml version="1.0" encoding="UTF-8"?>
<!-- Generated by org.testng.reporters.JUnitReportReporter -->
<testsuite hostname="DESKTOP-PL6KDKL" failures="0" tests="2" name="Freelance.HomePageTest" time="18.437" errors="0" timestamp="2022-02-03T17:00:36 IST" skipped="0">
  <testcase classname="Freelance.HomePageTest" name="basePageNavigate" time="3.370"/>
  <system-out/>
  <testcase classname="Freelance.HomePageTest" name="basePageNavigate" time="15.067"/>
  <system-out/>
</testsuite> <!-- Freelance.HomePageTest -->
