<?xml version="1.0" encoding="UTF-8"?>
<!-- Generated by org.testng.reporters.JUnitReportReporter -->
<testsuite hostname="DESKTOP-PL6KDKL" failures="0" tests="1" name="Freelance.ValidateNavBar" time="0.282" errors="0" timestamp="2022-02-03T17:00:36 IST" skipped="0">
  <testcase classname="Freelance.ValidateNavBar" name="CheckTextnb" time="0.282"/>
  <system-out/>
</testsuite> <!-- Freelance.ValidateNavBar -->
