<?xml version="1.0" encoding="UTF-8"?>
<!-- Generated by org.testng.reporters.JUnitReportReporter -->
<testsuite hostname="DESKTOP-PL6KDKL" failures="0" tests="1" name="Freelance.ValidateTitle" time="0.098" errors="0" timestamp="2021-11-27T15:56:45 IST" skipped="0">
  <testcase classname="Freelance.ValidateTitle" name="ValidateTitleText" time="0.098"/>
  <system-out/>
</testsuite> <!-- Freelance.ValidateTitle -->
